<?xml version="1.0"?>
<actions>

  <class name="http://www.semanticdesktop.org/ontologies/2007/03/22/nfo#Image">
    <action name="com.nokia.imageviewer.show"
            weight="100"/>
    <action name="upload.to.album"
            weight="140"/>
    <action name="some.other.action"
            weight="200"/>
  </class>

  <translation qm="test"/>

</actions>
